This is pdfTeX, Version 3.141592653-2.6-1.40.25 (TeX Live 2023) (preloaded format=pdflatex 2023.12.26)  27 DEC 2023 13:53
entering extended mode
 restricted \write18 enabled.
 %&-line parsing enabled.
**summerSoc23StateFul_IG_Services.tex
(./summerSoc23StateFul_IG_Services.tex
LaTeX2e <2023-11-01>
L3 programming layer <2023-12-11>
(./llncs.cls
Document Class: llncs 2022/09/05 v2.22 
 LaTeX document class for Lecture Notes in Computer Science
(d:/opt/texlive/2023/texmf-dist/tex/latex/base/article.cls
Document Class: article 2023/05/17 v1.4n Standard LaTeX document class
(d:/opt/texlive/2023/texmf-dist/tex/latex/base/size10.clo
File: size10.clo 2023/05/17 v1.4n Standard LaTeX file (size option)
)
\c@part=\count187
\c@section=\count188
\c@subsection=\count189
\c@subsubsection=\count190
\c@paragraph=\count191
\c@subparagraph=\count192
\c@figure=\count193
\c@table=\count194
\abovecaptionskip=\skip48
\belowcaptionskip=\skip49
\bibindent=\dimen140
)
(d:/opt/texlive/2023/texmf-dist/tex/latex/tools/multicol.sty
Package: multicol 2023/03/30 v1.9f multicolumn formatting (FMi)
\c@tracingmulticols=\count195
\mult@box=\box51
\multicol@leftmargin=\dimen141
\c@unbalance=\count196
\c@collectmore=\count197
\doublecol@number=\count198
\multicoltolerance=\count199
\multicolpretolerance=\count266
\full@width=\dimen142
\page@free=\dimen143
\premulticols=\dimen144
\postmulticols=\dimen145
\multicolsep=\skip50
\multicolbaselineskip=\skip51
\partial@page=\box52
\last@line=\box53
\mc@boxedresult=\box54
\maxbalancingoverflow=\dimen146
\mult@rightbox=\box55
\mult@grightbox=\box56
\mult@firstbox=\box57
\mult@gfirstbox=\box58
\@tempa=\box59
\@tempa=\box60
\@tempa=\box61
\@tempa=\box62
\@tempa=\box63
\@tempa=\box64
\@tempa=\box65
\@tempa=\box66
\@tempa=\box67
\@tempa=\box68
\@tempa=\box69
\@tempa=\box70
\@tempa=\box71
\@tempa=\box72
\@tempa=\box73
\@tempa=\box74
\@tempa=\box75
\@tempa=\box76
\@tempa=\box77
\@tempa=\box78
\@tempa=\box79
\@tempa=\box80
\@tempa=\box81
\@tempa=\box82
\@tempa=\box83
\@tempa=\box84
\@tempa=\box85
\@tempa=\box86
\@tempa=\box87
\@tempa=\box88
\@tempa=\box89
\@tempa=\box90
\@tempa=\box91
\@tempa=\box92
\@tempa=\box93
\@tempa=\box94
\c@minrows=\count267
\c@columnbadness=\count268
\c@finalcolumnbadness=\count269
\last@try=\dimen147
\multicolovershoot=\dimen148
\multicolundershoot=\dimen149
\mult@nat@firstbox=\box95
\colbreak@box=\box96
\mc@col@check@num=\count270
)
(d:/opt/texlive/2023/texmf-dist/tex/latex/oberdiek/aliascnt.sty
Package: aliascnt 2018/09/07 v1.5 Alias counters (HO)
)
\c@chapter=\count271
LaTeX Font Info:    Redeclaring math symbol \Gamma on input line 362.
LaTeX Font Info:    Redeclaring math symbol \Delta on input line 363.
LaTeX Font Info:    Redeclaring math symbol \Theta on input line 364.
LaTeX Font Info:    Redeclaring math symbol \Lambda on input line 365.
LaTeX Font Info:    Redeclaring math symbol \Xi on input line 366.
LaTeX Font Info:    Redeclaring math symbol \Pi on input line 367.
LaTeX Font Info:    Redeclaring math symbol \Sigma on input line 368.
LaTeX Font Info:    Redeclaring math symbol \Upsilon on input line 369.
LaTeX Font Info:    Redeclaring math symbol \Phi on input line 370.
LaTeX Font Info:    Redeclaring math symbol \Psi on input line 371.
LaTeX Font Info:    Redeclaring math symbol \Omega on input line 372.
LaTeX Info: Redefining \vec on input line 377.
\tocchpnum=\dimen150
\tocsecnum=\dimen151
\tocsectotal=\dimen152
\tocsubsecnum=\dimen153
\tocsubsectotal=\dimen154
\tocsubsubsecnum=\dimen155
\tocsubsubsectotal=\dimen156
\tocparanum=\dimen157
\tocparatotal=\dimen158
\tocsubparanum=\dimen159
\@tempcntc=\count272
\fnindent=\dimen160
\c@@inst=\count273
\c@@auth=\count274
\c@auco=\count275
\instindent=\dimen161
\authrun=\box97
\authorrunning=\toks17
\tocauthor=\toks18
\titrun=\box98
\titlerunning=\toks19
\toctitle=\toks20
\c@theorem=\count276
\c@case=\count277
\c@conjecture=\count278
\c@corollary=\count279
\c@definition=\count280
\c@example=\count281
\c@exercise=\count282
\c@lemma=\count283
\c@note=\count284
\c@problem=\count285
\c@property=\count286
\c@proposition=\count287
\c@question=\count288
\c@solution=\count289
\c@remark=\count290
\headlineindent=\dimen162
)
(d:/opt/texlive/2023/texmf-dist/tex/latex/base/fontenc.sty
Package: fontenc 2021/04/29 v2.0v Standard LaTeX package
)
(d:/opt/texlive/2023/texmf-dist/tex/latex/graphics/graphicx.sty
Package: graphicx 2021/09/16 v1.2d Enhanced LaTeX Graphics (DPC,SPQR)

(d:/opt/texlive/2023/texmf-dist/tex/latex/graphics/keyval.sty
Package: keyval 2022/05/29 v1.15 key=value parser (DPC)
\KV@toks@=\toks21
)
(d:/opt/texlive/2023/texmf-dist/tex/latex/graphics/graphics.sty
Package: graphics 2022/03/10 v1.4e Standard LaTeX Graphics (DPC,SPQR)

(d:/opt/texlive/2023/texmf-dist/tex/latex/graphics/trig.sty
Package: trig 2021/08/11 v1.11 sin cos tan (DPC)
)
(d:/opt/texlive/2023/texmf-dist/tex/latex/graphics-cfg/graphics.cfg
File: graphics.cfg 2016/06/04 v1.11 sample graphics configuration
)
Package graphics Info: Driver file: pdftex.def on input line 107.

(d:/opt/texlive/2023/texmf-dist/tex/latex/graphics-def/pdftex.def
File: pdftex.def 2022/09/22 v1.2b Graphics/color driver for pdftex
))
\Gin@req@height=\dimen163
\Gin@req@width=\dimen164
)
(d:/opt/texlive/2023/texmf-dist/tex/latex/l3backend/l3backend-pdftex.def
File: l3backend-pdftex.def 2023-11-09 L3 backend support: PDF output (pdfTeX)
\l__color_backend_stack_int=\count291
\l__pdf_internal_box=\box99
)
No file summerSoc23StateFul_IG_Services.aux.
\openout1 = `summerSoc23StateFul_IG_Services.aux'.

LaTeX Font Info:    Checking defaults for OML/cmm/m/it on input line 20.
LaTeX Font Info:    ... okay on input line 20.
LaTeX Font Info:    Checking defaults for OMS/cmsy/m/n on input line 20.
LaTeX Font Info:    ... okay on input line 20.
LaTeX Font Info:    Checking defaults for OT1/cmr/m/n on input line 20.
LaTeX Font Info:    ... okay on input line 20.
LaTeX Font Info:    Checking defaults for T1/cmr/m/n on input line 20.
LaTeX Font Info:    ... okay on input line 20.
LaTeX Font Info:    Checking defaults for TS1/cmr/m/n on input line 20.
LaTeX Font Info:    ... okay on input line 20.
LaTeX Font Info:    Checking defaults for OMX/cmex/m/n on input line 20.
LaTeX Font Info:    ... okay on input line 20.
LaTeX Font Info:    Checking defaults for U/cmr/m/n on input line 20.
LaTeX Font Info:    ... okay on input line 20.
(d:/opt/texlive/2023/texmf-dist/tex/context/base/mkii/supp-pdf.mkii
[Loading MPS to PDF converter (version 2006.09.02).]
\scratchcounter=\count292
\scratchdimen=\dimen165
\scratchbox=\box100
\nofMPsegments=\count293
\nofMParguments=\count294
\everyMPshowfont=\toks22
\MPscratchCnt=\count295
\MPscratchDim=\dimen166
\MPnumerator=\count296
\makeMPintoPDFobject=\count297
\everyMPtoPDFconversion=\toks23
) (d:/opt/texlive/2023/texmf-dist/tex/latex/epstopdf-pkg/epstopdf-base.sty
Package: epstopdf-base 2020-01-24 v2.11 Base part for package epstopdf
Package epstopdf-base Info: Redefining graphics rule for `.eps' on input line 4
85.

(d:/opt/texlive/2023/texmf-dist/tex/latex/latexconfig/epstopdf-sys.cfg
File: epstopdf-sys.cfg 2010/07/13 v1.3 Configuration of (r)epstopdf for TeX Liv
e
))
LaTeX Font Info:    External font `cmex10' loaded for size
(Font)              <7> on input line 40.
LaTeX Font Info:    External font `cmex10' loaded for size
(Font)              <5> on input line 40.
LaTeX Font Info:    Trying to load font information for T1+cmtt on input line 4
0.

(d:/opt/texlive/2023/texmf-dist/tex/latex/base/t1cmtt.fd
File: t1cmtt.fd 2023/04/13 v2.5m Standard LaTeX font definitions
)
Title too long for running head. Please supply
a shorter form with \titlerunning prior to \maketitle
[1

{d:/opt/texlive/2023/texmf-var/fonts/map/pdftex/updmap/pdftex.map}{d:/opt/texli
ve/2023/texmf-dist/fonts/enc/dvips/cm-super/cm-super-t1.enc}{d:/opt/texlive/202
3/texmf-dist/fonts/enc/dvips/cm-super/cm-super-ts1.enc}] [2] [3]
Package epstopdf Info: Source file: <fig1.eps>
(epstopdf)                    date: 2023-12-27 13:49:58
(epstopdf)                    size: 357553 bytes
(epstopdf)             Output file: <fig1-eps-converted-to.pdf>
(epstopdf)             Command: <repstopdf --outfile=fig1-eps-converted-to.pdf 
fig1.eps>
(epstopdf)             \includegraphics on input line 88.
runsystem(repstopdf --outfile=fig1-eps-converted-to.pdf fig1.eps)...executed sa
fely (allowed).

Package epstopdf Info: Result file: <fig1-eps-converted-to.pdf>
(epstopdf)                    date: 2023-12-27 13:53:33
(epstopdf)                    size: 26270 bytes.
<fig1-eps-converted-to.pdf, id=22, 345.29pt x 142.5325pt>
File: fig1-eps-converted-to.pdf Graphic file (type pdf)
<use fig1-eps-converted-to.pdf>
Package pdftex.def Info: fig1-eps-converted-to.pdf  used on input line 88.
(pdftex.def)             Requested size: 347.12354pt x 143.29115pt.
 [4 <./fig1-eps-converted-to.pdf>]
Package epstopdf Info: Source file: <fig1.eps>
(epstopdf)                    date: 2023-12-27 13:49:58
(epstopdf)                    size: 357553 bytes
(epstopdf)             Output file: <fig1-eps-converted-to.pdf>
(epstopdf)                    date: 2023-12-27 13:53:33
(epstopdf)                    size: 26270 bytes
(epstopdf)             Command: <repstopdf --outfile=fig1-eps-converted-to.pdf 
fig1.eps>
(epstopdf)             \includegraphics on input line 99.
Package epstopdf Info: Output file is already uptodate.
File: fig1-eps-converted-to.pdf Graphic file (type pdf)
<use fig1-eps-converted-to.pdf>
Package pdftex.def Info: fig1-eps-converted-to.pdf  used on input line 99.
(pdftex.def)             Requested size: 347.12354pt x 143.29115pt.
 [5]
Package epstopdf Info: Source file: <fig1.eps>
(epstopdf)                    date: 2023-12-27 13:49:58
(epstopdf)                    size: 357553 bytes
(epstopdf)             Output file: <fig1-eps-converted-to.pdf>
(epstopdf)                    date: 2023-12-27 13:53:33
(epstopdf)                    size: 26270 bytes
(epstopdf)             Command: <repstopdf --outfile=fig1-eps-converted-to.pdf 
fig1.eps>
(epstopdf)             \includegraphics on input line 112.
Package epstopdf Info: Output file is already uptodate.
File: fig1-eps-converted-to.pdf Graphic file (type pdf)
<use fig1-eps-converted-to.pdf>
Package pdftex.def Info: fig1-eps-converted-to.pdf  used on input line 112.
(pdftex.def)             Requested size: 347.12354pt x 143.29115pt.
 [6]
Package epstopdf Info: Source file: <fig1.eps>
(epstopdf)                    date: 2023-12-27 13:49:58
(epstopdf)                    size: 357553 bytes
(epstopdf)             Output file: <fig1-eps-converted-to.pdf>
(epstopdf)                    date: 2023-12-27 13:53:33
(epstopdf)                    size: 26270 bytes
(epstopdf)             Command: <repstopdf --outfile=fig1-eps-converted-to.pdf 
fig1.eps>
(epstopdf)             \includegraphics on input line 123.
Package epstopdf Info: Output file is already uptodate.
File: fig1-eps-converted-to.pdf Graphic file (type pdf)
<use fig1-eps-converted-to.pdf>
Package pdftex.def Info: fig1-eps-converted-to.pdf  used on input line 123.
(pdftex.def)             Requested size: 347.12354pt x 143.29115pt.
 [7]
Package epstopdf Info: Source file: <fig1.eps>
(epstopdf)                    date: 2023-12-27 13:49:58
(epstopdf)                    size: 357553 bytes
(epstopdf)             Output file: <fig1-eps-converted-to.pdf>
(epstopdf)                    date: 2023-12-27 13:53:33
(epstopdf)                    size: 26270 bytes
(epstopdf)             Command: <repstopdf --outfile=fig1-eps-converted-to.pdf 
fig1.eps>
(epstopdf)             \includegraphics on input line 139.
Package epstopdf Info: Output file is already uptodate.
File: fig1-eps-converted-to.pdf Graphic file (type pdf)
<use fig1-eps-converted-to.pdf>
Package pdftex.def Info: fig1-eps-converted-to.pdf  used on input line 139.
(pdftex.def)             Requested size: 347.12354pt x 143.29115pt.
 [8]
Package epstopdf Info: Source file: <fig1.eps>
(epstopdf)                    date: 2023-12-27 13:49:58
(epstopdf)                    size: 357553 bytes
(epstopdf)             Output file: <fig1-eps-converted-to.pdf>
(epstopdf)                    date: 2023-12-27 13:53:33
(epstopdf)                    size: 26270 bytes
(epstopdf)             Command: <repstopdf --outfile=fig1-eps-converted-to.pdf 
fig1.eps>
(epstopdf)             \includegraphics on input line 151.
Package epstopdf Info: Output file is already uptodate.
File: fig1-eps-converted-to.pdf Graphic file (type pdf)
<use fig1-eps-converted-to.pdf>
Package pdftex.def Info: fig1-eps-converted-to.pdf  used on input line 151.
(pdftex.def)             Requested size: 347.12354pt x 143.29115pt.

Underfull \vbox (badness 5908) has occurred while \output is active []

 [9]
Package epstopdf Info: Source file: <fig1.eps>
(epstopdf)                    date: 2023-12-27 13:49:58
(epstopdf)                    size: 357553 bytes
(epstopdf)             Output file: <fig1-eps-converted-to.pdf>
(epstopdf)                    date: 2023-12-27 13:53:33
(epstopdf)                    size: 26270 bytes
(epstopdf)             Command: <repstopdf --outfile=fig1-eps-converted-to.pdf 
fig1.eps>
(epstopdf)             \includegraphics on input line 160.
Package epstopdf Info: Output file is already uptodate.
File: fig1-eps-converted-to.pdf Graphic file (type pdf)
<use fig1-eps-converted-to.pdf>
Package pdftex.def Info: fig1-eps-converted-to.pdf  used on input line 160.
(pdftex.def)             Requested size: 347.12354pt x 143.29115pt.

[10]
Package epstopdf Info: Source file: <fig1.eps>
(epstopdf)                    date: 2023-12-27 13:49:58
(epstopdf)                    size: 357553 bytes
(epstopdf)             Output file: <fig1-eps-converted-to.pdf>
(epstopdf)                    date: 2023-12-27 13:53:33
(epstopdf)                    size: 26270 bytes
(epstopdf)             Command: <repstopdf --outfile=fig1-eps-converted-to.pdf 
fig1.eps>
(epstopdf)             \includegraphics on input line 186.
Package epstopdf Info: Output file is already uptodate.
File: fig1-eps-converted-to.pdf Graphic file (type pdf)
<use fig1-eps-converted-to.pdf>
Package pdftex.def Info: fig1-eps-converted-to.pdf  used on input line 186.
(pdftex.def)             Requested size: 347.12354pt x 143.29115pt.


LaTeX Warning: Reference `tab1' on page 11 undefined on input line 191.

LaTeX Font Info:    External font `cmex10' loaded for size
(Font)              <9> on input line 195.
LaTeX Font Info:    External font `cmex10' loaded for size
(Font)              <6> on input line 195.
Package epstopdf Info: Source file: <fig1.eps>
(epstopdf)                    date: 2023-12-27 13:49:58
(epstopdf)                    size: 357553 bytes
(epstopdf)             Output file: <fig1-eps-converted-to.pdf>
(epstopdf)                    date: 2023-12-27 13:53:33
(epstopdf)                    size: 26270 bytes
(epstopdf)             Command: <repstopdf --outfile=fig1-eps-converted-to.pdf 
fig1.eps>
(epstopdf)             \includegraphics on input line 210.
Package epstopdf Info: Output file is already uptodate.
File: fig1-eps-converted-to.pdf Graphic file (type pdf)
<use fig1-eps-converted-to.pdf>
Package pdftex.def Info: fig1-eps-converted-to.pdf  used on input line 210.
(pdftex.def)             Requested size: 347.12354pt x 143.29115pt.
[11] [12]

LaTeX Warning: Citation `ref_article1' on page 13 undefined on input line 226.


LaTeX Warning: Citation `ref_lncs1' on page 13 undefined on input line 226.


LaTeX Warning: Citation `ref_book1' on page 13 undefined on input line 227.


LaTeX Warning: Citation `ref_proc1' on page 13 undefined on input line 227.


LaTeX Warning: Citation `ref_url1' on page 13 undefined on input line 228.


LaTeX Warning: Citation `ref_article1' on page 13 undefined on input line 229.


LaTeX Warning: Citation `ref_lncs1' on page 13 undefined on input line 229.


LaTeX Warning: Citation `ref_book1' on page 13 undefined on input line 229.


LaTeX Warning: Citation `ref_article1' on page 13 undefined on input line 230.


LaTeX Warning: Citation `ref_book1' on page 13 undefined on input line 230.


LaTeX Warning: Citation `ref_proc1' on page 13 undefined on input line 230.


LaTeX Warning: Citation `ref_url1' on page 13 undefined on input line 230.

[13] [14] (./summerSoc23StateFul_IG_Services.aux)
 ***********
LaTeX2e <2023-11-01>
L3 programming layer <2023-12-11>
 ***********


LaTeX Warning: There were undefined references.


LaTeX Warning: Label(s) may have changed. Rerun to get cross-references right.

 ) 
Here is how much of TeX's memory you used:
 2045 strings out of 474174
 30596 string characters out of 5747664
 1937460 words of memory out of 5000000
 24359 multiletter control sequences out of 15000+600000
 568412 words of font info for 55 fonts, out of 8000000 for 9000
 1141 hyphenation exceptions out of 8191
 57i,10n,65p,1538b,315s stack positions out of 10000i,1000n,20000p,200000b,200000s
<d:/opt/texlive/2023/texmf-dist/fonts/type1/public/amsfonts/cm/cmr7.pfb><d:/o
pt/texlive/2023/texmf-dist/fonts/type1/public/amsfonts/cm/cmsy7.pfb><d:/opt/tex
live/2023/texmf-dist/fonts/type1/public/cm-super/sfbx0900.pfb><d:/opt/texlive/2
023/texmf-dist/fonts/type1/public/cm-super/sfbx1000.pfb><d:/opt/texlive/2023/te
xmf-dist/fonts/type1/public/cm-super/sfbx1200.pfb><d:/opt/texlive/2023/texmf-di
st/fonts/type1/public/cm-super/sfbx1440.pfb><d:/opt/texlive/2023/texmf-dist/fon
ts/type1/public/cm-super/sfrm0900.pfb><d:/opt/texlive/2023/texmf-dist/fonts/typ
e1/public/cm-super/sfrm1000.pfb><d:/opt/texlive/2023/texmf-dist/fonts/type1/pub
lic/cm-super/sfti0900.pfb><d:/opt/texlive/2023/texmf-dist/fonts/type1/public/cm
-super/sfti1000.pfb><d:/opt/texlive/2023/texmf-dist/fonts/type1/public/cm-super
/sftt0900.pfb>
Output written on summerSoc23StateFul_IG_Services.pdf (14 pages, 275247 bytes).

PDF statistics:
 125 PDF objects out of 1000 (max. 8388607)
 79 compressed objects within 1 object stream
 0 named destinations out of 1000 (max. 500000)
 6 words of extra memory for PDF output out of 10000 (max. 10000000)

