\BOOKMARK [0][-]{section*.1}{Title\040Page}{}% 1
\BOOKMARK [0][-]{chapter*.2}{Conclusion\040and\040outlook\040\(Zusammenfassung\)}{}% 2
\BOOKMARK [0][-]{chapter*.3}{Abstract}{}% 3
\BOOKMARK [0][-]{toc.0}{Table\040of\040Contents}{}% 4
\BOOKMARK [0][-]{chapter*.6}{List\040of\040Figures}{}% 5
\BOOKMARK [0][-]{chapter*.7}{List\040of\040Tables}{}% 6
\BOOKMARK [0][-]{section*.8}{Abbreviations}{}% 7
\BOOKMARK [0][-]{section*.10}{Symbols}{}% 8
\BOOKMARK [0][-]{chapter.1}{1\040Introduction}{}% 9
\BOOKMARK [1][-]{section.1.1}{1.1\040Background:}{chapter.1}% 10
\BOOKMARK [2][-]{subsection.1.1.1}{1.1.1\040Goals}{section.1.1}% 11
\BOOKMARK [2][-]{subsection.1.1.2}{1.1.2\040Expectations}{section.1.1}% 12
\BOOKMARK [2][-]{subsection.1.1.3}{1.1.3\040Approach}{section.1.1}% 13
\BOOKMARK [1][-]{section.1.2}{1.2\040SI-Units}{chapter.1}% 14
\BOOKMARK [0][-]{chapter.2}{2\040Definition\040of\040Enterprise\040Content\040Management\040\(ECM\)}{}% 15
\BOOKMARK [1][-]{section.2.1}{2.1\0403.1\040What\040is\040an\040ECM\040system\040all\040about?}{chapter.2}% 16
\BOOKMARK [2][-]{subsection.2.1.1}{2.1.1\0403.1.1\040Key\040functional\040requirements:}{section.2.1}% 17
\BOOKMARK [2][-]{subsection.2.1.2}{2.1.2\0403.1.1\040Key\040functional\040requirements:}{section.2.1}% 18
\BOOKMARK [0][-]{chapter.3}{3\040ECM\040System\040Architecture\040and\040Design}{}% 19
\BOOKMARK [1][-]{section.3.1}{3.1\040Core\040Components\040of\040ECM\040Systems}{chapter.3}% 20
\BOOKMARK [1][-]{section.3.2}{3.2\040Outline\040of\040Enterprise\040Content\040Management\040Systems}{chapter.3}% 21
\BOOKMARK [1][-]{section.3.3}{3.3\0404.3\040Workload\040Model\040of\040ECM\040Systems}{chapter.3}% 22
\BOOKMARK [1][-]{section.3.4}{3.4\040The\040ECM\040Reference\040Model}{chapter.3}% 23
\BOOKMARK [0][-]{chapter.4}{4\040Sum\040-\040Algorithm}{}% 24
\BOOKMARK [0][-]{chapter.5}{5\040PGF-plots\040from\040python}{}% 25
\BOOKMARK [0][-]{chapter.6}{6\040Asymptote}{}% 26
\BOOKMARK [0][-]{chapter.7}{7\040Discussion}{}% 27
\BOOKMARK [0][-]{chapter.8}{8\040Materials\040and\040Methods}{}% 28
\BOOKMARK [0][-]{section*.16}{References}{}% 29
\BOOKMARK [0][-]{appendix.1.A}{Appendix\040A\040Appendix\040A\040}{}% 30
