\BOOKMARK [1][-]{Dedication.1}{Dedication}{}% 1
\BOOKMARK [0][-]{section*.2}{List of Abbreviations}{}% 2
\BOOKMARK [0][-]{section*.4}{Abstract}{}% 3
\BOOKMARK [0][-]{section*.5}{Deutsche Zusammenfassung}{}% 4
\BOOKMARK [-1][-]{part.1}{Title Part I}{}% 5
\BOOKMARK [0][-]{chapter.1}{Introduction}{part.1}% 6
\BOOKMARK [1][-]{section.1.1}{Contributions}{chapter.1}% 7
\BOOKMARK [1][-]{section.1.2}{Outline}{chapter.1}% 8
\BOOKMARK [0][-]{chapter.2}{Introduction}{part.1}% 9
\BOOKMARK [1][-]{section.2.1}{Contributions}{chapter.2}% 10
\BOOKMARK [1][-]{section.2.2}{Outline}{chapter.2}% 11
\BOOKMARK [-1][-]{part.2}{Title Part II}{}% 12
\BOOKMARK [0][-]{chapter.3}{Introduction}{part.2}% 13
\BOOKMARK [1][-]{section.3.1}{Contributions}{chapter.3}% 14
\BOOKMARK [1][-]{section.3.2}{Outline}{chapter.3}% 15
\BOOKMARK [0][-]{chapter.4}{Introduction}{part.2}% 16
\BOOKMARK [1][-]{section.4.1}{Contributions}{chapter.4}% 17
\BOOKMARK [1][-]{section.4.2}{Outline}{chapter.4}% 18
\BOOKMARK [-1][-]{part.3}{Title Part III}{}% 19
\BOOKMARK [0][-]{chapter.5}{Introduction}{part.3}% 20
\BOOKMARK [1][-]{section.5.1}{Contributions}{chapter.5}% 21
\BOOKMARK [1][-]{section.5.2}{Outline}{chapter.5}% 22
\BOOKMARK [0][-]{chapter.6}{Introduction}{part.3}% 23
\BOOKMARK [1][-]{section.6.1}{Contributions}{chapter.6}% 24
\BOOKMARK [1][-]{section.6.2}{Outline}{chapter.6}% 25
\BOOKMARK [-1][-]{part.4}{Title Part IV}{}% 26
\BOOKMARK [0][-]{chapter.7}{Introduction}{part.4}% 27
\BOOKMARK [1][-]{section.7.1}{Contributions}{chapter.7}% 28
\BOOKMARK [1][-]{section.7.2}{Outline}{chapter.7}% 29
\BOOKMARK [0][-]{chapter.8}{Introduction}{part.4}% 30
\BOOKMARK [1][-]{section.8.1}{Contributions}{chapter.8}% 31
\BOOKMARK [1][-]{section.8.2}{Outline}{chapter.8}% 32
\BOOKMARK [-1][-]{part.5}{Source Code Samples and Auxiliary Materials}{}% 33
\BOOKMARK [0][-]{appendix.A}{Code Examples}{part.5}% 34
\BOOKMARK [1][-]{section.A.1}{NPGM Beispielgraph}{appendix.A}% 35
\BOOKMARK [0][-]{appendix.B}{Implementation Example of an Operator}{part.5}% 36
\BOOKMARK [1][-]{section.B.1}{Source Code}{appendix.B}% 37
\BOOKMARK [1][-]{section.B.2}{Meta Data}{appendix.B}% 38
\BOOKMARK [0][-]{appendix*.9}{List of Figures}{part.5}% 39
\BOOKMARK [0][-]{appendix*.10}{List of Tables}{part.5}% 40
\BOOKMARK [0][-]{section*.11}{Author Publications}{part.5}% 41
\BOOKMARK [0][-]{section*.13}{Bibliography}{part.5}% 42
\BOOKMARK [0][-]{appendix*.14}{Curriculum Vitae}{part.5}% 43
